<?xml version="1.0" encoding="UTF-8"?>
<testsuite name="Regression suite 1"
           tests="4"
           failures="0"
           errors="0"
           skipped="4"
           time="0.000">
  <properties />
  
            <testcase name="baseAfterClass" time="0.0" classname="com.ebay.tests.search.SearchTestLandScape">
          <skipped />
    </testcase>
            <testcase name="baseBeforeClass" time="0.0" classname="com.ebay.tests.search.SearchTestLandScape">
          <skipped />
    </testcase>
            <testcase name="BuyItNow" time="0.0" classname="com.ebay.tests.search.SearchTestLandScape">
          <skipped />
    </testcase>
            <testcase name="searchProduct" time="0.0" classname="com.ebay.tests.search.SearchTestLandScape">
          <skipped />
    </testcase>
  
  
</testsuite>
